[    1996ms] [WARNING] As of February 21st, 2024, google.maps.Marker is deprecated. Please use google.maps.marker.AdvancedMarkerElement instead. At this time, google.maps.Marker is not scheduled to be discontinued, but google.maps.marker.AdvancedMarkerElement is recommended over google.maps.Marker. While google.maps.Marker will continue to receive bug fixes for any major regressions, existing bugs in google.maps.Marker will not be addressed. At least 12 months notice will be given before support is discontinued. Please see https://developers.google.com/maps/deprecations for additional details and https://developers.google.com/maps/documentation/javascript/advanced-markers/migration for the migration guide. @ https://maps.googleapis.com/maps-api-v3/api/js/63/13/main.js:403
[   32583ms] [ERROR] Failed to load resource: the server responded with a status of 404 (Not Found) @ http://localhost:3001/favicon.ico:0
[   33557ms] [WARNING] As of February 21st, 2024, google.maps.Marker is deprecated. Please use google.maps.marker.AdvancedMarkerElement instead. At this time, google.maps.Marker is not scheduled to be discontinued, but google.maps.marker.AdvancedMarkerElement is recommended over google.maps.Marker. While google.maps.Marker will continue to receive bug fixes for any major regressions, existing bugs in google.maps.Marker will not be addressed. At least 12 months notice will be given before support is discontinued. Please see https://developers.google.com/maps/deprecations for additional details and https://developers.google.com/maps/documentation/javascript/advanced-markers/migration for the migration guide. @ https://maps.googleapis.com/maps-api-v3/api/js/63/13/main.js:403
[   95915ms] [ERROR] Failed to load resource: the server responded with a status of 404 (Not Found) @ http://localhost:3001/favicon.ico:0
[   97496ms] [WARNING] As of February 21st, 2024, google.maps.Marker is deprecated. Please use google.maps.marker.AdvancedMarkerElement instead. At this time, google.maps.Marker is not scheduled to be discontinued, but google.maps.marker.AdvancedMarkerElement is recommended over google.maps.Marker. While google.maps.Marker will continue to receive bug fixes for any major regressions, existing bugs in google.maps.Marker will not be addressed. At least 12 months notice will be given before support is discontinued. Please see https://developers.google.com/maps/deprecations for additional details and https://developers.google.com/maps/documentation/javascript/advanced-markers/migration for the migration guide. @ https://maps.googleapis.com/maps-api-v3/api/js/63/13/main.js:403
[  152834ms] [ERROR] Failed to load resource: the server responded with a status of 500 (Internal Server Error) @ http://localhost:3000/academy:0
[  155276ms] TypeError: e[o] is not a function
    at Object.t [as require] (file://C:\Users\그리고\Desktop\MOVEIT\.next\server\webpack-runtime.js:1:127)
    at require (file://C:\Users\그리고\Desktop\MOVEIT\node_modules\next\dist\compiled\next-server\app-page.runtime.prod.js:17:18811)
    at A (file://C:\Users\그리고\Desktop\MOVEIT\node_modules\next\dist\compiled\next-server\app-page.runtime.prod.js:12:94398)
    at <unknown> (file://C:\Users\그리고\Desktop\MOVEIT\node_modules\next\dist\compiled\next-server\app-page.runtime.prod.js:12:96726)
    at B._fromJSON (file://C:\Users\그리고\Desktop\MOVEIT\node_modules\next\dist\compiled\next-server\app-page.runtime.prod.js:12:97164)
    at JSON.parse (<anonymous>)
    at I (file://C:\Users\그리고\Desktop\MOVEIT\node_modules\next\dist\compiled\next-server\app-page.runtime.prod.js:12:94119)
    at t (file://C:\Users\그리고\Desktop\MOVEIT\node_modules\next\dist\compiled\next-server\app-page.runtime.prod.js:12:100640)
[  155310ms] [ERROR] Failed to load resource: the server responded with a status of 404 (Not Found) @ http://localhost:3000/favicon.ico:0
[  155914ms] [WARNING] [Fast Refresh] performing full reload because your application had an unrecoverable error @ webpack-internal:///./node_modules/next/dist/client/components/react-dev-overlay/pages/hot-reloader-client.js:349
[  157834ms] [ERROR] Error loading academies: TypeError: _barrel_optimize_names_ChevronDown_ChevronRight_ChevronUp_ExternalLink_Heart_Map_MapPin_Navigation_Phone_Search_SlidersHorizontal_X_lucide_react__WEBPACK_IMPORTED_MODULE_10__.default is not a constructor
    at loadAcademies (webpack-internal:///(app-pages-browser)/./components/views/academy-map-view.tsx:216:32) @ webpack-internal:///(app-pages-browser)/./node_modules/next/dist/client/app-index.js:32
[  167431ms] [ERROR] Failed to load resource: the server responded with a status of 404 (Not Found) @ http://localhost:3000/favicon.ico:0
[  168455ms] [WARNING] As of February 21st, 2024, google.maps.Marker is deprecated. Please use google.maps.marker.AdvancedMarkerElement instead. At this time, google.maps.Marker is not scheduled to be discontinued, but google.maps.marker.AdvancedMarkerElement is recommended over google.maps.Marker. While google.maps.Marker will continue to receive bug fixes for any major regressions, existing bugs in google.maps.Marker will not be addressed. At least 12 months notice will be given before support is discontinued. Please see https://developers.google.com/maps/deprecations for additional details and https://developers.google.com/maps/documentation/javascript/advanced-markers/migration for the migration guide. @ https://maps.googleapis.com/maps-api-v3/api/js/63/13/main.js:403
[  200457ms] [WARNING] As of February 21st, 2024, google.maps.Marker is deprecated. Please use google.maps.marker.AdvancedMarkerElement instead. At this time, google.maps.Marker is not scheduled to be discontinued, but google.maps.marker.AdvancedMarkerElement is recommended over google.maps.Marker. While google.maps.Marker will continue to receive bug fixes for any major regressions, existing bugs in google.maps.Marker will not be addressed. At least 12 months notice will be given before support is discontinued. Please see https://developers.google.com/maps/deprecations for additional details and https://developers.google.com/maps/documentation/javascript/advanced-markers/migration for the migration guide. @ https://maps.googleapis.com/maps-api-v3/api/js/63/13/main.js:403
